<?xml version="1.0" encoding="UTF-8"?>
<testng-results skipped="0" failed="1" ignored="0" total="3" passed="2">
  <reporter-output>
  </reporter-output>
  <suite name="Suite" duration-ms="6930" started-at="2021-10-23T03:56:54Z" finished-at="2021-10-23T03:57:01Z">
    <groups>
    </groups>
    <test name="Test2" duration-ms="6032" started-at="2021-10-23T03:56:54Z" finished-at="2021-10-23T03:57:00Z">
      <class name="MVNProject.E2EProject.TitleValidation">
        <test-method status="PASS" signature="homePageNav()[pri:0, instance:MVNProject.E2EProject.TitleValidation@79207381]" name="homePageNav" is-config="true" duration-ms="5825" started-at="2021-10-23T03:56:54Z" finished-at="2021-10-23T03:56:59Z">
          <reporter-output>
          </reporter-output>
        </test-method> <!-- homePageNav -->
        <test-method status="FAIL" signature="validateTitle()[pri:0, instance:MVNProject.E2EProject.TitleValidation@79207381]" name="validateTitle" duration-ms="44" started-at="2021-10-23T03:56:59Z" finished-at="2021-10-23T03:56:59Z">
          <exception class="java.lang.AssertionError">
            <message>
              <![CDATA[expected:<Welcome to ILTR Registry Managers> but was:<Welcome to ILTR Registry Manager>]]>
            </message>
            <full-stacktrace>
              <![CDATA[java.lang.AssertionError: expected:<Welcome to ILTR Registry Managers> but was:<Welcome to ILTR Registry Manager>
at org.testng.AssertJUnit.assertEquals(AssertJUnit.java:101)
at org.testng.AssertJUnit.assertEquals(AssertJUnit.java:108)
at MVNProject.E2EProject.TitleValidation.validateTitle(TitleValidation.java:28)
at sun.reflect.NativeMethodAccessorImpl.invoke0(Native Method)
at sun.reflect.NativeMethodAccessorImpl.invoke(NativeMethodAccessorImpl.java:62)
at sun.reflect.DelegatingMethodAccessorImpl.invoke(DelegatingMethodAccessorImpl.java:43)
at java.lang.reflect.Method.invoke(Method.java:498)
at org.testng.internal.MethodInvocationHelper.invokeMethod(MethodInvocationHelper.java:124)
at org.testng.internal.Invoker.invokeMethod(Invoker.java:583)
at org.testng.internal.Invoker.invokeTestMethod(Invoker.java:719)
at org.testng.internal.Invoker.invokeTestMethods(Invoker.java:989)
at org.testng.internal.TestMethodWorker.invokeTestMethods(TestMethodWorker.java:125)
at org.testng.internal.TestMethodWorker.run(TestMethodWorker.java:109)
at org.testng.TestRunner.privateRun(TestRunner.java:648)
at org.testng.TestRunner.run(TestRunner.java:505)
at org.testng.SuiteRunner.runTest(SuiteRunner.java:455)
at org.testng.SuiteRunner.access$000(SuiteRunner.java:40)
at org.testng.SuiteRunner$SuiteWorker.run(SuiteRunner.java:489)
at org.testng.internal.thread.ThreadUtil$1.call(ThreadUtil.java:52)
at java.util.concurrent.FutureTask.run(FutureTask.java:266)
at java.util.concurrent.ThreadPoolExecutor.runWorker(ThreadPoolExecutor.java:1142)
at java.util.concurrent.ThreadPoolExecutor$Worker.run(ThreadPoolExecutor.java:617)
at java.lang.Thread.run(Thread.java:745)
]]>
            </full-stacktrace>
          </exception> <!-- java.lang.AssertionError -->
          <reporter-output>
          </reporter-output>
        </test-method> <!-- validateTitle -->
      </class> <!-- MVNProject.E2EProject.TitleValidation -->
    </test> <!-- Test2 -->
    <test name="Test1" duration-ms="6930" started-at="2021-10-23T03:56:54Z" finished-at="2021-10-23T03:57:01Z">
      <class name="MVNProject.E2EProject.HomePageTest">
        <test-method status="PASS" signature="homePageNav()[pri:0, instance:MVNProject.E2EProject.HomePageTest@55cb6996]" name="homePageNav" is-config="true" duration-ms="1931" started-at="2021-10-23T03:56:54Z" finished-at="2021-10-23T03:56:56Z">
          <reporter-output>
          </reporter-output>
        </test-method> <!-- homePageNav -->
        <test-method status="PASS" signature="login(java.lang.String, java.lang.String)[pri:0, instance:MVNProject.E2EProject.HomePageTest@55cb6996]" name="login" duration-ms="4048" started-at="2021-10-23T03:56:56Z" data-provider="loginData" finished-at="2021-10-23T03:57:00Z">
          <params>
            <param index="0">
              <value>
                <![CDATA[gourav@metamagics.com]]>
              </value>
            </param>
            <param index="1">
              <value>
                <![CDATA[Hello]]>
              </value>
            </param>
          </params>
          <reporter-output>
          </reporter-output>
        </test-method> <!-- login -->
        <test-method status="PASS" signature="login(java.lang.String, java.lang.String)[pri:0, instance:MVNProject.E2EProject.HomePageTest@55cb6996]" name="login" duration-ms="871" started-at="2021-10-23T03:57:00Z" data-provider="loginData" finished-at="2021-10-23T03:57:01Z">
          <params>
            <param index="0">
              <value>
                <![CDATA[gourav1@metamagics.com]]>
              </value>
            </param>
            <param index="1">
              <value>
                <![CDATA[Hello]]>
              </value>
            </param>
          </params>
          <reporter-output>
          </reporter-output>
        </test-method> <!-- login -->
        <test-method status="PASS" signature="terminator()[pri:0, instance:MVNProject.E2EProject.HomePageTest@55cb6996]" name="terminator" is-config="true" duration-ms="1" started-at="2021-10-23T03:57:01Z" finished-at="2021-10-23T03:57:01Z">
          <reporter-output>
          </reporter-output>
        </test-method> <!-- terminator -->
      </class> <!-- MVNProject.E2EProject.HomePageTest -->
    </test> <!-- Test1 -->
  </suite> <!-- Suite -->
</testng-results>
